src/main/java/cn/bamgdam/rankboard/StatReader.java import 1
src/main/java/cn/bamgdam/rankboard/StatReader.java ids 1
src/main/java/cn/bamgdam/rankboard/StatReader.java schema 1
src/main/java/cn/bamgdam/rankboard/StatReader.java startup 1
src/main/java/cn/bamgdam/rankboard/StatReader.java capture 1
src/main/java/cn/bamgdam/rankboard/StatReader.java invalidate 1
src/main/java/cn/bamgdam/rankboard/StatReader.java completion 1
src/main/java/cn/bamgdam/rankboard/StatReader.java registries 1
src/main/java/cn/bamgdam/rankboard/StatReader.java mined 1
src/mojmap/java/cn/bamgdam/rankboard/StatReader.java import 1
src/mojmap/java/cn/bamgdam/rankboard/StatReader.java ids 1
src/mojmap/java/cn/bamgdam/rankboard/StatReader.java schema 1
src/mojmap/java/cn/bamgdam/rankboard/StatReader.java startup 1
src/mojmap/java/cn/bamgdam/rankboard/StatReader.java capture 1
src/mojmap/java/cn/bamgdam/rankboard/StatReader.java invalidate 1
src/mojmap/java/cn/bamgdam/rankboard/StatReader.java completion 1
src/mojmap/java/cn/bamgdam/rankboard/StatReader.java registries 1
src/mojmap/java/cn/bamgdam/rankboard/StatReader.java mined 1
src/main/java/cn/bamgdam/rankboard/LeaderboardState.java time 1
src/main/java/cn/bamgdam/rankboard/LeaderboardState.java constants 1
src/main/java/cn/bamgdam/rankboard/LeaderboardState.java partial field 1
src/main/java/cn/bamgdam/rankboard/LeaderboardState.java schema load 1
src/main/java/cn/bamgdam/rankboard/LeaderboardState.java schema save 2
src/main/java/cn/bamgdam/rankboard/LeaderboardState.java partial save 1
src/main/java/cn/bamgdam/rankboard/LeaderboardState.java immutable snapshot 1
src/main/java/cn/bamgdam/rankboard/LeaderboardState.java remove backfill 1
src/main/java/cn/bamgdam/rankboard/LeaderboardState.java strict range 1
src/main/java/cn/bamgdam/rankboard/LeaderboardState.java earliest 1
src/main/java/cn/bamgdam/rankboard/LeaderboardState.java record 1
src/mojmap/java/cn/bamgdam/rankboard/LeaderboardState.java time 1
src/mojmap/java/cn/bamgdam/rankboard/LeaderboardState.java constants 1
src/mojmap/java/cn/bamgdam/rankboard/LeaderboardState.java partial field 1
src/mojmap/java/cn/bamgdam/rankboard/LeaderboardState.java schema load 1
src/mojmap/java/cn/bamgdam/rankboard/LeaderboardState.java schema save 2
src/mojmap/java/cn/bamgdam/rankboard/LeaderboardState.java partial save 1
src/mojmap/java/cn/bamgdam/rankboard/LeaderboardState.java immutable snapshot 1
src/mojmap/java/cn/bamgdam/rankboard/LeaderboardState.java remove backfill 1
src/mojmap/java/cn/bamgdam/rankboard/LeaderboardState.java strict range 1
src/mojmap/java/cn/bamgdam/rankboard/LeaderboardState.java earliest 1
src/mojmap/java/cn/bamgdam/rankboard/LeaderboardState.java record 1
src/main/java/cn/bamgdam/rankboard/RankBoardMod.java restore 1
src/main/java/cn/bamgdam/rankboard/RankBoardMod.java disconnect 1
src/main/java/cn/bamgdam/rankboard/RankBoardMod.java readiness 1
src/main/java/cn/bamgdam/rankboard/RankBoardMod.java week 1
src/mojmap/java/cn/bamgdam/rankboard/RankBoardMod.java restore 1
src/mojmap/java/cn/bamgdam/rankboard/RankBoardMod.java disconnect 1
src/mojmap/java/cn/bamgdam/rankboard/RankBoardMod.java readiness 1
src/mojmap/java/cn/bamgdam/rankboard/RankBoardMod.java week 1
src/main/java/cn/bamgdam/rankboard/WebDashboard.java readiness 1
src/main/java/cn/bamgdam/rankboard/WebDashboard.java vars 1
src/main/java/cn/bamgdam/rankboard/WebDashboard.java range 1
src/main/java/cn/bamgdam/rankboard/WebDashboard.java json 1
src/mojmap/java/cn/bamgdam/rankboard/WebDashboard.java readiness 1
src/mojmap/java/cn/bamgdam/rankboard/WebDashboard.java vars 1
src/mojmap/java/cn/bamgdam/rankboard/WebDashboard.java range 1
src/mojmap/java/cn/bamgdam/rankboard/WebDashboard.java json 1
frontend type 1
frontend range 1
frontend warning 1
version 1
readme version 1
readme note 1
